<?xml version="1.0" encoding="utf-8" standalone="no"?>
<!--This file represents the results of running a test suite-->
<test-results name="C:\Documents and Settings\Eric\My Documents\Visual Studio 2008\Projects\Overpass.NikePlusAPI\nikepluscsharp\Overpass.NikePlusAPI.Tests\bin\Debug\Overpass.NikePlusAPI.Tests.dll" total="4" failures="3" not-run="0" date="2009-01-08" time="05:22:12">
  <environment nunit-version="2.4.6.0" clr-version="2.0.50727.3053" os-version="Microsoft Windows NT 5.1.2600 Service Pack 3" platform="Win32NT" cwd="C:\Documents and Settings\Eric\My Documents\Visual Studio 2008\Projects\Overpass.NikePlusAPI\nikepluscsharp\Overpass.NikePlusAPI.Tests\bin\Debug" machine-name="OVERPASSMAIN" user="Eric" user-domain="OVERPASSMAIN" />
  <culture-info current-culture="en-GB" current-uiculture="en-US" />
  <test-suite name="C:\Documents and Settings\Eric\My Documents\Visual Studio 2008\Projects\Overpass.NikePlusAPI\nikepluscsharp\Overpass.NikePlusAPI.Tests\bin\Debug\Overpass.NikePlusAPI.Tests.dll" success="False" time="5.938" asserts="0">
    <results>
      <test-suite name="Overpass" success="False" time="5.938" asserts="0">
        <results>
          <test-suite name="NikePlusAPI" success="False" time="5.938" asserts="0">
            <results>
              <test-suite name="Tests" success="False" time="5.938" asserts="0">
                <results>
                  <test-suite name="NikePlusTests" success="False" time="5.938" asserts="0">
                    <results>
                      <test-case name="Overpass.NikePlusAPI.Tests.NikePlusTests.TestGetRunDetails" executed="True" success="False" time="3.406" asserts="0">
                        <failure>
                          <message><![CDATA[System.NullReferenceException : Object reference not set to an instance of an object.]]></message>
                          <stack-trace><![CDATA[at Overpass.NikePlusAPI.Mappers.DataMapper.mapRun(XmlDocument xml) in C:\Documents and Settings\Eric\My Documents\Visual Studio 2008\Projects\Overpass.NikePlusAPI\nikepluscsharp\Overpass.NikePlusAPI\Mappers\DataMapper.cs:line 66
at Overpass.NikePlusAPI.DataAccess.NikePlusData.getRunDetail(String RunID) in C:\Documents and Settings\Eric\My Documents\Visual Studio 2008\Projects\Overpass.NikePlusAPI\nikepluscsharp\Overpass.NikePlusAPI\DataAccess\NikePlusData.cs:line 52
at Overpass.NikePlusAPI.Tests.NikePlusTests.TestGetRunDetails() in C:\Documents and Settings\Eric\My Documents\Visual Studio 2008\Projects\Overpass.NikePlusAPI\nikepluscsharp\Overpass.NikePlusAPI.Tests\NikePlusTests.cs:line 50
]]></stack-trace>
                        </failure>
                      </test-case>
                      <test-case name="Overpass.NikePlusAPI.Tests.NikePlusTests.TestGetRuns" executed="True" success="False" time="1.000" asserts="1">
                        <failure>
                          <message><![CDATA[  Expected: 170
  But was:  95
]]></message>
                          <stack-trace><![CDATA[at Overpass.NikePlusAPI.Tests.NikePlusTests.TestGetRuns() in C:\Documents and Settings\Eric\My Documents\Visual Studio 2008\Projects\Overpass.NikePlusAPI\nikepluscsharp\Overpass.NikePlusAPI.Tests\NikePlusTests.cs:line 42
]]></stack-trace>
                        </failure>
                      </test-case>
                      <test-case name="Overpass.NikePlusAPI.Tests.NikePlusTests.TestGetUserInfo" executed="True" success="False" time="0.656" asserts="5">
                        <failure>
                          <message><![CDATA[  Expected: 170
  But was:  95
]]></message>
                          <stack-trace><![CDATA[at Overpass.NikePlusAPI.Tests.NikePlusTests.TestGetUserInfo() in C:\Documents and Settings\Eric\My Documents\Visual Studio 2008\Projects\Overpass.NikePlusAPI\nikepluscsharp\Overpass.NikePlusAPI.Tests\NikePlusTests.cs:line 34
]]></stack-trace>
                        </failure>
                      </test-case>
                      <test-case name="Overpass.NikePlusAPI.Tests.NikePlusTests.TestJoin" executed="True" success="True" time="0.828" asserts="0" />
                    </results>
                  </test-suite>
                </results>
              </test-suite>
            </results>
          </test-suite>
        </results>
      </test-suite>
    </results>
  </test-suite>
</test-results>